{"@timestamp":"2024-11-23T08:09:53.066+03:00","@version":"1","message":"HV000001: Hibernate Validator 8.0.1.Final","logger_name":"org.hibernate.validator.internal.util.Version","thread_name":"background-preinit","level":"INFO","level_value":20000}
{"@timestamp":"2024-11-23T08:09:53.104+03:00","@version":"1","message":"Starting CloudFileStorageApplication using Java 21.0.2 with PID 1744 (/Users/yana/IdeaProjects/cloudFileStorage/target/classes started by yana in /Users/yana/IdeaProjects/cloudFileStorage)","logger_name":"ru.cloudfilestorage.cloudfilestorage.CloudFileStorageApplication","thread_name":"main","level":"INFO","level_value":20000}
{"@timestamp":"2024-11-23T08:09:53.105+03:00","@version":"1","message":"The following 1 profile is active: \"local\"","logger_name":"ru.cloudfilestorage.cloudfilestorage.CloudFileStorageApplication","thread_name":"main","level":"INFO","level_value":20000}
{"@timestamp":"2024-11-23T08:09:54.117+03:00","@version":"1","message":"Bootstrapping Spring Data JPA repositories in DEFAULT mode.","logger_name":"org.springframework.data.repository.config.RepositoryConfigurationDelegate","thread_name":"main","level":"INFO","level_value":20000}
{"@timestamp":"2024-11-23T08:09:54.171+03:00","@version":"1","message":"Finished Spring Data repository scanning in 45 ms. Found 3 JPA repository interfaces.","logger_name":"org.springframework.data.repository.config.RepositoryConfigurationDelegate","thread_name":"main","level":"INFO","level_value":20000}
{"@timestamp":"2024-11-23T08:09:54.863+03:00","@version":"1","message":"Tomcat initialized with port 8082 (http)","logger_name":"org.springframework.boot.web.embedded.tomcat.TomcatWebServer","thread_name":"main","level":"INFO","level_value":20000}
{"@timestamp":"2024-11-23T08:09:54.875+03:00","@version":"1","message":"Initializing ProtocolHandler [\"http-nio-8082\"]","logger_name":"org.apache.coyote.http11.Http11NioProtocol","thread_name":"main","level":"INFO","level_value":20000}
{"@timestamp":"2024-11-23T08:09:54.879+03:00","@version":"1","message":"Starting service [Tomcat]","logger_name":"org.apache.catalina.core.StandardService","thread_name":"main","level":"INFO","level_value":20000}
{"@timestamp":"2024-11-23T08:09:54.879+03:00","@version":"1","message":"Starting Servlet engine: [Apache Tomcat/10.1.30]","logger_name":"org.apache.catalina.core.StandardEngine","thread_name":"main","level":"INFO","level_value":20000}
{"@timestamp":"2024-11-23T08:09:54.931+03:00","@version":"1","message":"Initializing Spring embedded WebApplicationContext","logger_name":"org.apache.catalina.core.ContainerBase.[Tomcat].[localhost].[/]","thread_name":"main","level":"INFO","level_value":20000}
{"@timestamp":"2024-11-23T08:09:54.931+03:00","@version":"1","message":"Root WebApplicationContext: initialization completed in 1791 ms","logger_name":"org.springframework.boot.web.servlet.context.ServletWebServerApplicationContext","thread_name":"main","level":"INFO","level_value":20000}
{"@timestamp":"2024-11-23T08:09:55.156+03:00","@version":"1","message":"HikariPool-1 - Starting...","logger_name":"com.zaxxer.hikari.HikariDataSource","thread_name":"main","level":"INFO","level_value":20000}
{"@timestamp":"2024-11-23T08:09:55.317+03:00","@version":"1","message":"HikariPool-1 - Added connection org.postgresql.jdbc.PgConnection@51f4439e","logger_name":"com.zaxxer.hikari.pool.HikariPool","thread_name":"main","level":"INFO","level_value":20000}
{"@timestamp":"2024-11-23T08:09:55.318+03:00","@version":"1","message":"HikariPool-1 - Start completed.","logger_name":"com.zaxxer.hikari.HikariDataSource","thread_name":"main","level":"INFO","level_value":20000}
{"@timestamp":"2024-11-23T08:09:55.446+03:00","@version":"1","message":"Set default schema name to public","logger_name":"liquibase.database","thread_name":"main","level":"INFO","level_value":20000}
{"@timestamp":"2024-11-23T08:09:55.735+03:00","@version":"1","message":"Reading from public.databasechangelog","logger_name":"liquibase.changelog","thread_name":"main","level":"INFO","level_value":20000}
{"@timestamp":"2024-11-23T08:09:55.758+03:00","@version":"1","message":"Database is up to date, no changesets to execute","logger_name":"liquibase.ui","thread_name":"main","level":"INFO","level_value":20000}
{"@timestamp":"2024-11-23T08:09:55.760+03:00","@version":"1","message":"Reading from public.databasechangelog","logger_name":"liquibase.changelog","thread_name":"main","level":"INFO","level_value":20000}
{"@timestamp":"2024-11-23T08:09:55.765+03:00","@version":"1","message":"UPDATE SUMMARY","logger_name":"liquibase.util","thread_name":"main","level":"INFO","level_value":20000}
{"@timestamp":"2024-11-23T08:09:55.765+03:00","@version":"1","message":"Run:                          0","logger_name":"liquibase.util","thread_name":"main","level":"INFO","level_value":20000}
{"@timestamp":"2024-11-23T08:09:55.765+03:00","@version":"1","message":"Previously run:               2","logger_name":"liquibase.util","thread_name":"main","level":"INFO","level_value":20000}
{"@timestamp":"2024-11-23T08:09:55.765+03:00","@version":"1","message":"Filtered out:                 0","logger_name":"liquibase.util","thread_name":"main","level":"INFO","level_value":20000}
{"@timestamp":"2024-11-23T08:09:55.765+03:00","@version":"1","message":"-------------------------------","logger_name":"liquibase.util","thread_name":"main","level":"INFO","level_value":20000}
{"@timestamp":"2024-11-23T08:09:55.765+03:00","@version":"1","message":"Total change sets:            2","logger_name":"liquibase.util","thread_name":"main","level":"INFO","level_value":20000}
{"@timestamp":"2024-11-23T08:09:55.766+03:00","@version":"1","message":"Update summary generated","logger_name":"liquibase.util","thread_name":"main","level":"INFO","level_value":20000}
{"@timestamp":"2024-11-23T08:09:55.781+03:00","@version":"1","message":"Successfully released change log lock","logger_name":"liquibase.lockservice","thread_name":"main","level":"INFO","level_value":20000}
{"@timestamp":"2024-11-23T08:09:55.783+03:00","@version":"1","message":"Command execution complete","logger_name":"liquibase.command","thread_name":"main","level":"INFO","level_value":20000}
{"@timestamp":"2024-11-23T08:09:55.866+03:00","@version":"1","message":"HHH000204: Processing PersistenceUnitInfo [name: default]","logger_name":"org.hibernate.jpa.internal.util.LogHelper","thread_name":"main","level":"INFO","level_value":20000}
{"@timestamp":"2024-11-23T08:09:55.932+03:00","@version":"1","message":"HHH000412: Hibernate ORM core version 6.5.3.Final","logger_name":"org.hibernate.Version","thread_name":"main","level":"INFO","level_value":20000}
{"@timestamp":"2024-11-23T08:09:55.966+03:00","@version":"1","message":"HHH000026: Second-level cache disabled","logger_name":"org.hibernate.cache.internal.RegionFactoryInitiator","thread_name":"main","level":"INFO","level_value":20000}
{"@timestamp":"2024-11-23T08:09:56.263+03:00","@version":"1","message":"No LoadTimeWeaver setup: ignoring JPA class transformer","logger_name":"org.springframework.orm.jpa.persistenceunit.SpringPersistenceUnitInfo","thread_name":"main","level":"INFO","level_value":20000}
{"@timestamp":"2024-11-23T08:09:57.167+03:00","@version":"1","message":"HHH000489: No JTA platform available (set 'hibernate.transaction.jta.platform' to enable JTA platform integration)","logger_name":"org.hibernate.engine.transaction.jta.platform.internal.JtaPlatformInitiator","thread_name":"main","level":"INFO","level_value":20000}
{"@timestamp":"2024-11-23T08:09:57.170+03:00","@version":"1","message":"Initialized JPA EntityManagerFactory for persistence unit 'default'","logger_name":"org.springframework.orm.jpa.LocalContainerEntityManagerFactoryBean","thread_name":"main","level":"INFO","level_value":20000}
{"@timestamp":"2024-11-23T08:09:57.401+03:00","@version":"1","message":"Hibernate is in classpath; If applicable, HQL parser will be used.","logger_name":"org.springframework.data.jpa.repository.query.QueryEnhancerFactory","thread_name":"main","level":"INFO","level_value":20000}
{"@timestamp":"2024-11-23T08:09:57.852+03:00","@version":"1","message":"Filter 'webMvcObservationFilter' configured for use","logger_name":"org.springframework.web.filter.ServerHttpObservationFilter","thread_name":"main","level":"DEBUG","level_value":10000}
{"@timestamp":"2024-11-23T08:09:57.906+03:00","@version":"1","message":"Global AuthenticationManager configured with UserDetailsService bean with name userServiceImpl","logger_name":"org.springframework.security.config.annotation.authentication.configuration.InitializeUserDetailsBeanManagerConfigurer$InitializeUserDetailsManagerConfigurer","thread_name":"main","level":"INFO","level_value":20000}
{"@timestamp":"2024-11-23T08:09:58.299+03:00","@version":"1","message":"spring.jpa.open-in-view is enabled by default. Therefore, database queries may be performed during view rendering. Explicitly configure spring.jpa.open-in-view to disable this warning","logger_name":"org.springframework.boot.autoconfigure.orm.jpa.JpaBaseConfiguration$JpaWebConfiguration","thread_name":"main","level":"WARN","level_value":30000}
{"@timestamp":"2024-11-23T08:09:58.473+03:00","@version":"1","message":"14 mappings in 'requestMappingHandlerMapping'","logger_name":"org.springframework.web.servlet.mvc.method.annotation.RequestMappingHandlerMapping","thread_name":"main","level":"DEBUG","level_value":10000}
{"@timestamp":"2024-11-23T08:09:58.567+03:00","@version":"1","message":"Patterns [/webjars/**, /**, /swagger-ui*/*swagger-initializer.js, /swagger-ui*/**] in 'resourceHandlerMapping'","logger_name":"org.springframework.web.servlet.handler.SimpleUrlHandlerMapping","thread_name":"main","level":"DEBUG","level_value":10000}
{"@timestamp":"2024-11-23T08:09:58.704+03:00","@version":"1","message":"Exposing 1 endpoint beneath base path '/actuator'","logger_name":"org.springframework.boot.actuate.endpoint.web.EndpointLinksResolver","thread_name":"main","level":"INFO","level_value":20000}
{"@timestamp":"2024-11-23T08:09:58.860+03:00","@version":"1","message":"ControllerAdvice beans: 0 @ModelAttribute, 0 @InitBinder, 1 RequestBodyAdvice, 1 ResponseBodyAdvice","logger_name":"org.springframework.web.servlet.mvc.method.annotation.RequestMappingHandlerAdapter","thread_name":"main","level":"DEBUG","level_value":10000}
{"@timestamp":"2024-11-23T08:09:58.898+03:00","@version":"1","message":"ControllerAdvice beans: 2 @ExceptionHandler, 1 ResponseBodyAdvice","logger_name":"org.springframework.web.servlet.mvc.method.annotation.ExceptionHandlerExceptionResolver","thread_name":"main","level":"DEBUG","level_value":10000}
{"@timestamp":"2024-11-23T08:09:59.235+03:00","@version":"1","message":"Starting ProtocolHandler [\"http-nio-8082\"]","logger_name":"org.apache.coyote.http11.Http11NioProtocol","thread_name":"main","level":"INFO","level_value":20000}
{"@timestamp":"2024-11-23T08:09:59.253+03:00","@version":"1","message":"Tomcat started on port 8082 (http) with context path '/'","logger_name":"org.springframework.boot.web.embedded.tomcat.TomcatWebServer","thread_name":"main","level":"INFO","level_value":20000}
{"@timestamp":"2024-11-23T08:09:59.267+03:00","@version":"1","message":"Started CloudFileStorageApplication in 6.859 seconds (process running for 7.448)","logger_name":"ru.cloudfilestorage.cloudfilestorage.CloudFileStorageApplication","thread_name":"main","level":"INFO","level_value":20000}
{"@timestamp":"2024-11-23T08:09:59.774+03:00","@version":"1","message":"Initializing Spring DispatcherServlet 'dispatcherServlet'","logger_name":"org.apache.catalina.core.ContainerBase.[Tomcat].[localhost].[/]","thread_name":"RMI TCP Connection(3)-127.0.0.1","level":"INFO","level_value":20000}
{"@timestamp":"2024-11-23T08:09:59.774+03:00","@version":"1","message":"Initializing Servlet 'dispatcherServlet'","logger_name":"org.springframework.web.servlet.DispatcherServlet","thread_name":"RMI TCP Connection(3)-127.0.0.1","level":"INFO","level_value":20000}
{"@timestamp":"2024-11-23T08:09:59.774+03:00","@version":"1","message":"Detected StandardServletMultipartResolver","logger_name":"org.springframework.web.servlet.DispatcherServlet","thread_name":"RMI TCP Connection(3)-127.0.0.1","level":"DEBUG","level_value":10000}
{"@timestamp":"2024-11-23T08:09:59.775+03:00","@version":"1","message":"Detected AcceptHeaderLocaleResolver","logger_name":"org.springframework.web.servlet.DispatcherServlet","thread_name":"RMI TCP Connection(3)-127.0.0.1","level":"DEBUG","level_value":10000}
{"@timestamp":"2024-11-23T08:09:59.775+03:00","@version":"1","message":"Detected FixedThemeResolver","logger_name":"org.springframework.web.servlet.DispatcherServlet","thread_name":"RMI TCP Connection(3)-127.0.0.1","level":"DEBUG","level_value":10000}
{"@timestamp":"2024-11-23T08:09:59.776+03:00","@version":"1","message":"Detected org.springframework.web.servlet.view.DefaultRequestToViewNameTranslator@a184485","logger_name":"org.springframework.web.servlet.DispatcherServlet","thread_name":"RMI TCP Connection(3)-127.0.0.1","level":"DEBUG","level_value":10000}
{"@timestamp":"2024-11-23T08:09:59.776+03:00","@version":"1","message":"Detected org.springframework.web.servlet.support.SessionFlashMapManager@347d6885","logger_name":"org.springframework.web.servlet.DispatcherServlet","thread_name":"RMI TCP Connection(3)-127.0.0.1","level":"DEBUG","level_value":10000}
{"@timestamp":"2024-11-23T08:09:59.777+03:00","@version":"1","message":"enableLoggingRequestDetails='false': request parameters and headers will be masked to prevent unsafe logging of potentially sensitive data","logger_name":"org.springframework.web.servlet.DispatcherServlet","thread_name":"RMI TCP Connection(3)-127.0.0.1","level":"DEBUG","level_value":10000}
{"@timestamp":"2024-11-23T08:09:59.777+03:00","@version":"1","message":"Completed initialization in 3 ms","logger_name":"org.springframework.web.servlet.DispatcherServlet","thread_name":"RMI TCP Connection(3)-127.0.0.1","level":"INFO","level_value":20000}
{"@timestamp":"2024-11-23T08:20:53.253+03:00","@version":"1","message":"HV000001: Hibernate Validator 8.0.1.Final","logger_name":"org.hibernate.validator.internal.util.Version","thread_name":"background-preinit","level":"INFO","level_value":20000}
{"@timestamp":"2024-11-23T08:20:53.290+03:00","@version":"1","message":"Starting CloudFileStorageApplication using Java 21.0.2 with PID 2039 (/Users/yana/IdeaProjects/cloudFileStorage/target/classes started by yana in /Users/yana/IdeaProjects/cloudFileStorage)","logger_name":"ru.cloudfilestorage.cloudfilestorage.CloudFileStorageApplication","thread_name":"main","level":"INFO","level_value":20000}
{"@timestamp":"2024-11-23T08:20:53.291+03:00","@version":"1","message":"The following 1 profile is active: \"local\"","logger_name":"ru.cloudfilestorage.cloudfilestorage.CloudFileStorageApplication","thread_name":"main","level":"INFO","level_value":20000}
{"@timestamp":"2024-11-23T08:20:54.192+03:00","@version":"1","message":"Bootstrapping Spring Data JPA repositories in DEFAULT mode.","logger_name":"org.springframework.data.repository.config.RepositoryConfigurationDelegate","thread_name":"main","level":"INFO","level_value":20000}
{"@timestamp":"2024-11-23T08:20:54.244+03:00","@version":"1","message":"Finished Spring Data repository scanning in 43 ms. Found 3 JPA repository interfaces.","logger_name":"org.springframework.data.repository.config.RepositoryConfigurationDelegate","thread_name":"main","level":"INFO","level_value":20000}
{"@timestamp":"2024-11-23T08:20:54.891+03:00","@version":"1","message":"Tomcat initialized with port 8082 (http)","logger_name":"org.springframework.boot.web.embedded.tomcat.TomcatWebServer","thread_name":"main","level":"INFO","level_value":20000}
{"@timestamp":"2024-11-23T08:20:54.900+03:00","@version":"1","message":"Initializing ProtocolHandler [\"http-nio-8082\"]","logger_name":"org.apache.coyote.http11.Http11NioProtocol","thread_name":"main","level":"INFO","level_value":20000}
{"@timestamp":"2024-11-23T08:20:54.903+03:00","@version":"1","message":"Starting service [Tomcat]","logger_name":"org.apache.catalina.core.StandardService","thread_name":"main","level":"INFO","level_value":20000}
{"@timestamp":"2024-11-23T08:20:54.903+03:00","@version":"1","message":"Starting Servlet engine: [Apache Tomcat/10.1.30]","logger_name":"org.apache.catalina.core.StandardEngine","thread_name":"main","level":"INFO","level_value":20000}
{"@timestamp":"2024-11-23T08:20:54.951+03:00","@version":"1","message":"Initializing Spring embedded WebApplicationContext","logger_name":"org.apache.catalina.core.ContainerBase.[Tomcat].[localhost].[/]","thread_name":"main","level":"INFO","level_value":20000}
{"@timestamp":"2024-11-23T08:20:54.951+03:00","@version":"1","message":"Root WebApplicationContext: initialization completed in 1624 ms","logger_name":"org.springframework.boot.web.servlet.context.ServletWebServerApplicationContext","thread_name":"main","level":"INFO","level_value":20000}
{"@timestamp":"2024-11-23T08:20:55.162+03:00","@version":"1","message":"HikariPool-1 - Starting...","logger_name":"com.zaxxer.hikari.HikariDataSource","thread_name":"main","level":"INFO","level_value":20000}
{"@timestamp":"2024-11-23T08:20:55.295+03:00","@version":"1","message":"HikariPool-1 - Added connection org.postgresql.jdbc.PgConnection@23d978b","logger_name":"com.zaxxer.hikari.pool.HikariPool","thread_name":"main","level":"INFO","level_value":20000}
{"@timestamp":"2024-11-23T08:20:55.297+03:00","@version":"1","message":"HikariPool-1 - Start completed.","logger_name":"com.zaxxer.hikari.HikariDataSource","thread_name":"main","level":"INFO","level_value":20000}
{"@timestamp":"2024-11-23T08:20:55.416+03:00","@version":"1","message":"Set default schema name to public","logger_name":"liquibase.database","thread_name":"main","level":"INFO","level_value":20000}
{"@timestamp":"2024-11-23T08:20:55.679+03:00","@version":"1","message":"Reading from public.databasechangelog","logger_name":"liquibase.changelog","thread_name":"main","level":"INFO","level_value":20000}
{"@timestamp":"2024-11-23T08:20:55.701+03:00","@version":"1","message":"Database is up to date, no changesets to execute","logger_name":"liquibase.ui","thread_name":"main","level":"INFO","level_value":20000}
{"@timestamp":"2024-11-23T08:20:55.703+03:00","@version":"1","message":"Reading from public.databasechangelog","logger_name":"liquibase.changelog","thread_name":"main","level":"INFO","level_value":20000}
{"@timestamp":"2024-11-23T08:20:55.708+03:00","@version":"1","message":"UPDATE SUMMARY","logger_name":"liquibase.util","thread_name":"main","level":"INFO","level_value":20000}
{"@timestamp":"2024-11-23T08:20:55.708+03:00","@version":"1","message":"Run:                          0","logger_name":"liquibase.util","thread_name":"main","level":"INFO","level_value":20000}
{"@timestamp":"2024-11-23T08:20:55.708+03:00","@version":"1","message":"Previously run:               2","logger_name":"liquibase.util","thread_name":"main","level":"INFO","level_value":20000}
{"@timestamp":"2024-11-23T08:20:55.709+03:00","@version":"1","message":"Filtered out:                 0","logger_name":"liquibase.util","thread_name":"main","level":"INFO","level_value":20000}
{"@timestamp":"2024-11-23T08:20:55.709+03:00","@version":"1","message":"-------------------------------","logger_name":"liquibase.util","thread_name":"main","level":"INFO","level_value":20000}
{"@timestamp":"2024-11-23T08:20:55.709+03:00","@version":"1","message":"Total change sets:            2","logger_name":"liquibase.util","thread_name":"main","level":"INFO","level_value":20000}
{"@timestamp":"2024-11-23T08:20:55.709+03:00","@version":"1","message":"Update summary generated","logger_name":"liquibase.util","thread_name":"main","level":"INFO","level_value":20000}
{"@timestamp":"2024-11-23T08:20:55.726+03:00","@version":"1","message":"Successfully released change log lock","logger_name":"liquibase.lockservice","thread_name":"main","level":"INFO","level_value":20000}
{"@timestamp":"2024-11-23T08:20:55.727+03:00","@version":"1","message":"Command execution complete","logger_name":"liquibase.command","thread_name":"main","level":"INFO","level_value":20000}
{"@timestamp":"2024-11-23T08:20:55.807+03:00","@version":"1","message":"HHH000204: Processing PersistenceUnitInfo [name: default]","logger_name":"org.hibernate.jpa.internal.util.LogHelper","thread_name":"main","level":"INFO","level_value":20000}
{"@timestamp":"2024-11-23T08:20:55.870+03:00","@version":"1","message":"HHH000412: Hibernate ORM core version 6.5.3.Final","logger_name":"org.hibernate.Version","thread_name":"main","level":"INFO","level_value":20000}
{"@timestamp":"2024-11-23T08:20:55.902+03:00","@version":"1","message":"HHH000026: Second-level cache disabled","logger_name":"org.hibernate.cache.internal.RegionFactoryInitiator","thread_name":"main","level":"INFO","level_value":20000}
{"@timestamp":"2024-11-23T08:20:56.186+03:00","@version":"1","message":"No LoadTimeWeaver setup: ignoring JPA class transformer","logger_name":"org.springframework.orm.jpa.persistenceunit.SpringPersistenceUnitInfo","thread_name":"main","level":"INFO","level_value":20000}
{"@timestamp":"2024-11-23T08:20:57.039+03:00","@version":"1","message":"HHH000489: No JTA platform available (set 'hibernate.transaction.jta.platform' to enable JTA platform integration)","logger_name":"org.hibernate.engine.transaction.jta.platform.internal.JtaPlatformInitiator","thread_name":"main","level":"INFO","level_value":20000}
{"@timestamp":"2024-11-23T08:20:57.042+03:00","@version":"1","message":"Initialized JPA EntityManagerFactory for persistence unit 'default'","logger_name":"org.springframework.orm.jpa.LocalContainerEntityManagerFactoryBean","thread_name":"main","level":"INFO","level_value":20000}
{"@timestamp":"2024-11-23T08:20:57.318+03:00","@version":"1","message":"Hibernate is in classpath; If applicable, HQL parser will be used.","logger_name":"org.springframework.data.jpa.repository.query.QueryEnhancerFactory","thread_name":"main","level":"INFO","level_value":20000}
{"@timestamp":"2024-11-23T08:20:57.657+03:00","@version":"1","message":"Filter 'webMvcObservationFilter' configured for use","logger_name":"org.springframework.web.filter.ServerHttpObservationFilter","thread_name":"main","level":"DEBUG","level_value":10000}
{"@timestamp":"2024-11-23T08:20:57.701+03:00","@version":"1","message":"Global AuthenticationManager configured with UserDetailsService bean with name userServiceImpl","logger_name":"org.springframework.security.config.annotation.authentication.configuration.InitializeUserDetailsBeanManagerConfigurer$InitializeUserDetailsManagerConfigurer","thread_name":"main","level":"INFO","level_value":20000}
{"@timestamp":"2024-11-23T08:20:58.053+03:00","@version":"1","message":"spring.jpa.open-in-view is enabled by default. Therefore, database queries may be performed during view rendering. Explicitly configure spring.jpa.open-in-view to disable this warning","logger_name":"org.springframework.boot.autoconfigure.orm.jpa.JpaBaseConfiguration$JpaWebConfiguration","thread_name":"main","level":"WARN","level_value":30000}
{"@timestamp":"2024-11-23T08:20:58.214+03:00","@version":"1","message":"14 mappings in 'requestMappingHandlerMapping'","logger_name":"org.springframework.web.servlet.mvc.method.annotation.RequestMappingHandlerMapping","thread_name":"main","level":"DEBUG","level_value":10000}
{"@timestamp":"2024-11-23T08:20:58.324+03:00","@version":"1","message":"Patterns [/webjars/**, /**, /swagger-ui*/*swagger-initializer.js, /swagger-ui*/**] in 'resourceHandlerMapping'","logger_name":"org.springframework.web.servlet.handler.SimpleUrlHandlerMapping","thread_name":"main","level":"DEBUG","level_value":10000}
{"@timestamp":"2024-11-23T08:20:58.450+03:00","@version":"1","message":"Exposing 1 endpoint beneath base path '/actuator'","logger_name":"org.springframework.boot.actuate.endpoint.web.EndpointLinksResolver","thread_name":"main","level":"INFO","level_value":20000}
{"@timestamp":"2024-11-23T08:20:58.603+03:00","@version":"1","message":"ControllerAdvice beans: 0 @ModelAttribute, 0 @InitBinder, 1 RequestBodyAdvice, 1 ResponseBodyAdvice","logger_name":"org.springframework.web.servlet.mvc.method.annotation.RequestMappingHandlerAdapter","thread_name":"main","level":"DEBUG","level_value":10000}
{"@timestamp":"2024-11-23T08:20:58.639+03:00","@version":"1","message":"ControllerAdvice beans: 2 @ExceptionHandler, 1 ResponseBodyAdvice","logger_name":"org.springframework.web.servlet.mvc.method.annotation.ExceptionHandlerExceptionResolver","thread_name":"main","level":"DEBUG","level_value":10000}
{"@timestamp":"2024-11-23T08:20:58.982+03:00","@version":"1","message":"Starting ProtocolHandler [\"http-nio-8082\"]","logger_name":"org.apache.coyote.http11.Http11NioProtocol","thread_name":"main","level":"INFO","level_value":20000}
{"@timestamp":"2024-11-23T08:20:58.987+03:00","@version":"1","message":"Exception encountered during context initialization - cancelling refresh attempt: org.springframework.context.ApplicationContextException: Failed to start bean 'webServerStartStop'","logger_name":"org.springframework.boot.web.servlet.context.AnnotationConfigServletWebServerApplicationContext","thread_name":"main","level":"WARN","level_value":30000}
{"@timestamp":"2024-11-23T08:20:58.993+03:00","@version":"1","message":"Closing JPA EntityManagerFactory for persistence unit 'default'","logger_name":"org.springframework.orm.jpa.LocalContainerEntityManagerFactoryBean","thread_name":"main","level":"INFO","level_value":20000}
{"@timestamp":"2024-11-23T08:20:58.995+03:00","@version":"1","message":"HikariPool-1 - Shutdown initiated...","logger_name":"com.zaxxer.hikari.HikariDataSource","thread_name":"main","level":"INFO","level_value":20000}
{"@timestamp":"2024-11-23T08:20:58.999+03:00","@version":"1","message":"HikariPool-1 - Shutdown completed.","logger_name":"com.zaxxer.hikari.HikariDataSource","thread_name":"main","level":"INFO","level_value":20000}
{"@timestamp":"2024-11-23T08:20:59.015+03:00","@version":"1","message":"\n\nError starting ApplicationContext. To display the condition evaluation report re-run your application with 'debug' enabled.","logger_name":"org.springframework.boot.autoconfigure.logging.ConditionEvaluationReportLogger","thread_name":"main","level":"INFO","level_value":20000}
{"@timestamp":"2024-11-23T08:20:59.041+03:00","@version":"1","message":"\n\n***************************\nAPPLICATION FAILED TO START\n***************************\n\nDescription:\n\nWeb server failed to start. Port 8082 was already in use.\n\nAction:\n\nIdentify and stop the process that's listening on port 8082 or configure this application to listen on another port.\n","logger_name":"org.springframework.boot.diagnostics.LoggingFailureAnalysisReporter","thread_name":"main","level":"ERROR","level_value":40000}
{"@timestamp":"2024-11-23T08:21:32.213+03:00","@version":"1","message":"Closing JPA EntityManagerFactory for persistence unit 'default'","logger_name":"org.springframework.orm.jpa.LocalContainerEntityManagerFactoryBean","thread_name":"SpringApplicationShutdownHook","level":"INFO","level_value":20000}
{"@timestamp":"2024-11-23T08:21:32.242+03:00","@version":"1","message":"HikariPool-1 - Shutdown initiated...","logger_name":"com.zaxxer.hikari.HikariDataSource","thread_name":"SpringApplicationShutdownHook","level":"INFO","level_value":20000}
{"@timestamp":"2024-11-23T08:21:32.254+03:00","@version":"1","message":"HikariPool-1 - Shutdown completed.","logger_name":"com.zaxxer.hikari.HikariDataSource","thread_name":"SpringApplicationShutdownHook","level":"INFO","level_value":20000}
{"@timestamp":"2024-11-23T08:21:35.898+03:00","@version":"1","message":"HV000001: Hibernate Validator 8.0.1.Final","logger_name":"org.hibernate.validator.internal.util.Version","thread_name":"background-preinit","level":"INFO","level_value":20000}
{"@timestamp":"2024-11-23T08:21:35.935+03:00","@version":"1","message":"Starting CloudFileStorageApplication using Java 21.0.2 with PID 2067 (/Users/yana/IdeaProjects/cloudFileStorage/target/classes started by yana in /Users/yana/IdeaProjects/cloudFileStorage)","logger_name":"ru.cloudfilestorage.cloudfilestorage.CloudFileStorageApplication","thread_name":"main","level":"INFO","level_value":20000}
{"@timestamp":"2024-11-23T08:21:35.936+03:00","@version":"1","message":"The following 1 profile is active: \"local\"","logger_name":"ru.cloudfilestorage.cloudfilestorage.CloudFileStorageApplication","thread_name":"main","level":"INFO","level_value":20000}
{"@timestamp":"2024-11-23T08:21:36.823+03:00","@version":"1","message":"Bootstrapping Spring Data JPA repositories in DEFAULT mode.","logger_name":"org.springframework.data.repository.config.RepositoryConfigurationDelegate","thread_name":"main","level":"INFO","level_value":20000}
{"@timestamp":"2024-11-23T08:21:36.878+03:00","@version":"1","message":"Finished Spring Data repository scanning in 47 ms. Found 3 JPA repository interfaces.","logger_name":"org.springframework.data.repository.config.RepositoryConfigurationDelegate","thread_name":"main","level":"INFO","level_value":20000}
{"@timestamp":"2024-11-23T08:21:37.534+03:00","@version":"1","message":"Tomcat initialized with port 8083 (http)","logger_name":"org.springframework.boot.web.embedded.tomcat.TomcatWebServer","thread_name":"main","level":"INFO","level_value":20000}
{"@timestamp":"2024-11-23T08:21:37.543+03:00","@version":"1","message":"Initializing ProtocolHandler [\"http-nio-8083\"]","logger_name":"org.apache.coyote.http11.Http11NioProtocol","thread_name":"main","level":"INFO","level_value":20000}
{"@timestamp":"2024-11-23T08:21:37.547+03:00","@version":"1","message":"Starting service [Tomcat]","logger_name":"org.apache.catalina.core.StandardService","thread_name":"main","level":"INFO","level_value":20000}
{"@timestamp":"2024-11-23T08:21:37.547+03:00","@version":"1","message":"Starting Servlet engine: [Apache Tomcat/10.1.30]","logger_name":"org.apache.catalina.core.StandardEngine","thread_name":"main","level":"INFO","level_value":20000}
{"@timestamp":"2024-11-23T08:21:37.593+03:00","@version":"1","message":"Initializing Spring embedded WebApplicationContext","logger_name":"org.apache.catalina.core.ContainerBase.[Tomcat].[localhost].[/]","thread_name":"main","level":"INFO","level_value":20000}
{"@timestamp":"2024-11-23T08:21:37.593+03:00","@version":"1","message":"Root WebApplicationContext: initialization completed in 1620 ms","logger_name":"org.springframework.boot.web.servlet.context.ServletWebServerApplicationContext","thread_name":"main","level":"INFO","level_value":20000}
{"@timestamp":"2024-11-23T08:21:37.800+03:00","@version":"1","message":"HikariPool-1 - Starting...","logger_name":"com.zaxxer.hikari.HikariDataSource","thread_name":"main","level":"INFO","level_value":20000}
{"@timestamp":"2024-11-23T08:21:37.925+03:00","@version":"1","message":"HikariPool-1 - Added connection org.postgresql.jdbc.PgConnection@4d525897","logger_name":"com.zaxxer.hikari.pool.HikariPool","thread_name":"main","level":"INFO","level_value":20000}
{"@timestamp":"2024-11-23T08:21:37.926+03:00","@version":"1","message":"HikariPool-1 - Start completed.","logger_name":"com.zaxxer.hikari.HikariDataSource","thread_name":"main","level":"INFO","level_value":20000}
{"@timestamp":"2024-11-23T08:21:38.035+03:00","@version":"1","message":"Set default schema name to public","logger_name":"liquibase.database","thread_name":"main","level":"INFO","level_value":20000}
{"@timestamp":"2024-11-23T08:21:38.290+03:00","@version":"1","message":"Reading from public.databasechangelog","logger_name":"liquibase.changelog","thread_name":"main","level":"INFO","level_value":20000}
{"@timestamp":"2024-11-23T08:21:38.311+03:00","@version":"1","message":"Database is up to date, no changesets to execute","logger_name":"liquibase.ui","thread_name":"main","level":"INFO","level_value":20000}
{"@timestamp":"2024-11-23T08:21:38.313+03:00","@version":"1","message":"Reading from public.databasechangelog","logger_name":"liquibase.changelog","thread_name":"main","level":"INFO","level_value":20000}
{"@timestamp":"2024-11-23T08:21:38.318+03:00","@version":"1","message":"UPDATE SUMMARY","logger_name":"liquibase.util","thread_name":"main","level":"INFO","level_value":20000}
{"@timestamp":"2024-11-23T08:21:38.318+03:00","@version":"1","message":"Run:                          0","logger_name":"liquibase.util","thread_name":"main","level":"INFO","level_value":20000}
{"@timestamp":"2024-11-23T08:21:38.318+03:00","@version":"1","message":"Previously run:               2","logger_name":"liquibase.util","thread_name":"main","level":"INFO","level_value":20000}
{"@timestamp":"2024-11-23T08:21:38.319+03:00","@version":"1","message":"Filtered out:                 0","logger_name":"liquibase.util","thread_name":"main","level":"INFO","level_value":20000}
{"@timestamp":"2024-11-23T08:21:38.319+03:00","@version":"1","message":"-------------------------------","logger_name":"liquibase.util","thread_name":"main","level":"INFO","level_value":20000}
{"@timestamp":"2024-11-23T08:21:38.319+03:00","@version":"1","message":"Total change sets:            2","logger_name":"liquibase.util","thread_name":"main","level":"INFO","level_value":20000}
{"@timestamp":"2024-11-23T08:21:38.319+03:00","@version":"1","message":"Update summary generated","logger_name":"liquibase.util","thread_name":"main","level":"INFO","level_value":20000}
{"@timestamp":"2024-11-23T08:21:38.336+03:00","@version":"1","message":"Successfully released change log lock","logger_name":"liquibase.lockservice","thread_name":"main","level":"INFO","level_value":20000}
{"@timestamp":"2024-11-23T08:21:38.338+03:00","@version":"1","message":"Command execution complete","logger_name":"liquibase.command","thread_name":"main","level":"INFO","level_value":20000}
{"@timestamp":"2024-11-23T08:21:38.418+03:00","@version":"1","message":"HHH000204: Processing PersistenceUnitInfo [name: default]","logger_name":"org.hibernate.jpa.internal.util.LogHelper","thread_name":"main","level":"INFO","level_value":20000}
{"@timestamp":"2024-11-23T08:21:38.484+03:00","@version":"1","message":"HHH000412: Hibernate ORM core version 6.5.3.Final","logger_name":"org.hibernate.Version","thread_name":"main","level":"INFO","level_value":20000}
{"@timestamp":"2024-11-23T08:21:38.518+03:00","@version":"1","message":"HHH000026: Second-level cache disabled","logger_name":"org.hibernate.cache.internal.RegionFactoryInitiator","thread_name":"main","level":"INFO","level_value":20000}
{"@timestamp":"2024-11-23T08:21:38.797+03:00","@version":"1","message":"No LoadTimeWeaver setup: ignoring JPA class transformer","logger_name":"org.springframework.orm.jpa.persistenceunit.SpringPersistenceUnitInfo","thread_name":"main","level":"INFO","level_value":20000}
{"@timestamp":"2024-11-23T08:21:39.676+03:00","@version":"1","message":"HHH000489: No JTA platform available (set 'hibernate.transaction.jta.platform' to enable JTA platform integration)","logger_name":"org.hibernate.engine.transaction.jta.platform.internal.JtaPlatformInitiator","thread_name":"main","level":"INFO","level_value":20000}
{"@timestamp":"2024-11-23T08:21:39.679+03:00","@version":"1","message":"Initialized JPA EntityManagerFactory for persistence unit 'default'","logger_name":"org.springframework.orm.jpa.LocalContainerEntityManagerFactoryBean","thread_name":"main","level":"INFO","level_value":20000}
{"@timestamp":"2024-11-23T08:21:39.945+03:00","@version":"1","message":"Hibernate is in classpath; If applicable, HQL parser will be used.","logger_name":"org.springframework.data.jpa.repository.query.QueryEnhancerFactory","thread_name":"main","level":"INFO","level_value":20000}
{"@timestamp":"2024-11-23T08:21:40.299+03:00","@version":"1","message":"Filter 'webMvcObservationFilter' configured for use","logger_name":"org.springframework.web.filter.ServerHttpObservationFilter","thread_name":"main","level":"DEBUG","level_value":10000}
{"@timestamp":"2024-11-23T08:21:40.344+03:00","@version":"1","message":"Global AuthenticationManager configured with UserDetailsService bean with name userServiceImpl","logger_name":"org.springframework.security.config.annotation.authentication.configuration.InitializeUserDetailsBeanManagerConfigurer$InitializeUserDetailsManagerConfigurer","thread_name":"main","level":"INFO","level_value":20000}
{"@timestamp":"2024-11-23T08:21:40.692+03:00","@version":"1","message":"spring.jpa.open-in-view is enabled by default. Therefore, database queries may be performed during view rendering. Explicitly configure spring.jpa.open-in-view to disable this warning","logger_name":"org.springframework.boot.autoconfigure.orm.jpa.JpaBaseConfiguration$JpaWebConfiguration","thread_name":"main","level":"WARN","level_value":30000}
{"@timestamp":"2024-11-23T08:21:40.850+03:00","@version":"1","message":"14 mappings in 'requestMappingHandlerMapping'","logger_name":"org.springframework.web.servlet.mvc.method.annotation.RequestMappingHandlerMapping","thread_name":"main","level":"DEBUG","level_value":10000}
{"@timestamp":"2024-11-23T08:21:40.951+03:00","@version":"1","message":"Patterns [/webjars/**, /**, /swagger-ui*/*swagger-initializer.js, /swagger-ui*/**] in 'resourceHandlerMapping'","logger_name":"org.springframework.web.servlet.handler.SimpleUrlHandlerMapping","thread_name":"main","level":"DEBUG","level_value":10000}
{"@timestamp":"2024-11-23T08:21:41.078+03:00","@version":"1","message":"Exposing 1 endpoint beneath base path '/actuator'","logger_name":"org.springframework.boot.actuate.endpoint.web.EndpointLinksResolver","thread_name":"main","level":"INFO","level_value":20000}
{"@timestamp":"2024-11-23T08:21:41.244+03:00","@version":"1","message":"ControllerAdvice beans: 0 @ModelAttribute, 0 @InitBinder, 1 RequestBodyAdvice, 1 ResponseBodyAdvice","logger_name":"org.springframework.web.servlet.mvc.method.annotation.RequestMappingHandlerAdapter","thread_name":"main","level":"DEBUG","level_value":10000}
{"@timestamp":"2024-11-23T08:21:41.280+03:00","@version":"1","message":"ControllerAdvice beans: 2 @ExceptionHandler, 1 ResponseBodyAdvice","logger_name":"org.springframework.web.servlet.mvc.method.annotation.ExceptionHandlerExceptionResolver","thread_name":"main","level":"DEBUG","level_value":10000}
{"@timestamp":"2024-11-23T08:21:41.640+03:00","@version":"1","message":"Starting ProtocolHandler [\"http-nio-8083\"]","logger_name":"org.apache.coyote.http11.Http11NioProtocol","thread_name":"main","level":"INFO","level_value":20000}
{"@timestamp":"2024-11-23T08:21:41.658+03:00","@version":"1","message":"Tomcat started on port 8083 (http) with context path '/'","logger_name":"org.springframework.boot.web.embedded.tomcat.TomcatWebServer","thread_name":"main","level":"INFO","level_value":20000}
{"@timestamp":"2024-11-23T08:21:41.672+03:00","@version":"1","message":"Started CloudFileStorageApplication in 6.339 seconds (process running for 6.865)","logger_name":"ru.cloudfilestorage.cloudfilestorage.CloudFileStorageApplication","thread_name":"main","level":"INFO","level_value":20000}
{"@timestamp":"2024-11-23T08:21:42.201+03:00","@version":"1","message":"Initializing Spring DispatcherServlet 'dispatcherServlet'","logger_name":"org.apache.catalina.core.ContainerBase.[Tomcat].[localhost].[/]","thread_name":"RMI TCP Connection(1)-127.0.0.1","level":"INFO","level_value":20000}
{"@timestamp":"2024-11-23T08:21:42.201+03:00","@version":"1","message":"Initializing Servlet 'dispatcherServlet'","logger_name":"org.springframework.web.servlet.DispatcherServlet","thread_name":"RMI TCP Connection(1)-127.0.0.1","level":"INFO","level_value":20000}
{"@timestamp":"2024-11-23T08:21:42.201+03:00","@version":"1","message":"Detected StandardServletMultipartResolver","logger_name":"org.springframework.web.servlet.DispatcherServlet","thread_name":"RMI TCP Connection(1)-127.0.0.1","level":"DEBUG","level_value":10000}
{"@timestamp":"2024-11-23T08:21:42.202+03:00","@version":"1","message":"Detected AcceptHeaderLocaleResolver","logger_name":"org.springframework.web.servlet.DispatcherServlet","thread_name":"RMI TCP Connection(1)-127.0.0.1","level":"DEBUG","level_value":10000}
{"@timestamp":"2024-11-23T08:21:42.202+03:00","@version":"1","message":"Detected FixedThemeResolver","logger_name":"org.springframework.web.servlet.DispatcherServlet","thread_name":"RMI TCP Connection(1)-127.0.0.1","level":"DEBUG","level_value":10000}
{"@timestamp":"2024-11-23T08:21:42.204+03:00","@version":"1","message":"Detected org.springframework.web.servlet.view.DefaultRequestToViewNameTranslator@5c6eb961","logger_name":"org.springframework.web.servlet.DispatcherServlet","thread_name":"RMI TCP Connection(1)-127.0.0.1","level":"DEBUG","level_value":10000}
{"@timestamp":"2024-11-23T08:21:42.204+03:00","@version":"1","message":"Detected org.springframework.web.servlet.support.SessionFlashMapManager@56fdb4db","logger_name":"org.springframework.web.servlet.DispatcherServlet","thread_name":"RMI TCP Connection(1)-127.0.0.1","level":"DEBUG","level_value":10000}
{"@timestamp":"2024-11-23T08:21:42.204+03:00","@version":"1","message":"enableLoggingRequestDetails='false': request parameters and headers will be masked to prevent unsafe logging of potentially sensitive data","logger_name":"org.springframework.web.servlet.DispatcherServlet","thread_name":"RMI TCP Connection(1)-127.0.0.1","level":"DEBUG","level_value":10000}
{"@timestamp":"2024-11-23T08:21:42.205+03:00","@version":"1","message":"Completed initialization in 4 ms","logger_name":"org.springframework.web.servlet.DispatcherServlet","thread_name":"RMI TCP Connection(1)-127.0.0.1","level":"INFO","level_value":20000}
{"@timestamp":"2024-11-23T08:22:52.036+03:00","@version":"1","message":"Closing JPA EntityManagerFactory for persistence unit 'default'","logger_name":"org.springframework.orm.jpa.LocalContainerEntityManagerFactoryBean","thread_name":"SpringApplicationShutdownHook","level":"INFO","level_value":20000}
{"@timestamp":"2024-11-23T08:22:52.040+03:00","@version":"1","message":"HikariPool-1 - Shutdown initiated...","logger_name":"com.zaxxer.hikari.HikariDataSource","thread_name":"SpringApplicationShutdownHook","level":"INFO","level_value":20000}
{"@timestamp":"2024-11-23T08:22:52.044+03:00","@version":"1","message":"HikariPool-1 - Shutdown completed.","logger_name":"com.zaxxer.hikari.HikariDataSource","thread_name":"SpringApplicationShutdownHook","level":"INFO","level_value":20000}
{"@timestamp":"2024-11-23T08:24:10.187+03:00","@version":"1","message":"HV000001: Hibernate Validator 8.0.1.Final","logger_name":"org.hibernate.validator.internal.util.Version","thread_name":"background-preinit","level":"INFO","level_value":20000}
{"@timestamp":"2024-11-23T08:24:10.222+03:00","@version":"1","message":"Starting CloudFileStorageApplication using Java 21.0.2 with PID 2134 (/Users/yana/IdeaProjects/cloudFileStorage/target/classes started by yana in /Users/yana/IdeaProjects/cloudFileStorage)","logger_name":"ru.cloudfilestorage.cloudfilestorage.CloudFileStorageApplication","thread_name":"main","level":"INFO","level_value":20000}
{"@timestamp":"2024-11-23T08:24:10.223+03:00","@version":"1","message":"The following 1 profile is active: \"local\"","logger_name":"ru.cloudfilestorage.cloudfilestorage.CloudFileStorageApplication","thread_name":"main","level":"INFO","level_value":20000}
{"@timestamp":"2024-11-23T08:24:11.156+03:00","@version":"1","message":"Bootstrapping Spring Data JPA repositories in DEFAULT mode.","logger_name":"org.springframework.data.repository.config.RepositoryConfigurationDelegate","thread_name":"main","level":"INFO","level_value":20000}
{"@timestamp":"2024-11-23T08:24:11.207+03:00","@version":"1","message":"Finished Spring Data repository scanning in 44 ms. Found 3 JPA repository interfaces.","logger_name":"org.springframework.data.repository.config.RepositoryConfigurationDelegate","thread_name":"main","level":"INFO","level_value":20000}
{"@timestamp":"2024-11-23T08:24:12.011+03:00","@version":"1","message":"Tomcat initialized with port 8082 (http)","logger_name":"org.springframework.boot.web.embedded.tomcat.TomcatWebServer","thread_name":"main","level":"INFO","level_value":20000}
{"@timestamp":"2024-11-23T08:24:12.022+03:00","@version":"1","message":"Initializing ProtocolHandler [\"http-nio-8082\"]","logger_name":"org.apache.coyote.http11.Http11NioProtocol","thread_name":"main","level":"INFO","level_value":20000}
{"@timestamp":"2024-11-23T08:24:12.025+03:00","@version":"1","message":"Starting service [Tomcat]","logger_name":"org.apache.catalina.core.StandardService","thread_name":"main","level":"INFO","level_value":20000}
{"@timestamp":"2024-11-23T08:24:12.026+03:00","@version":"1","message":"Starting Servlet engine: [Apache Tomcat/10.1.30]","logger_name":"org.apache.catalina.core.StandardEngine","thread_name":"main","level":"INFO","level_value":20000}
{"@timestamp":"2024-11-23T08:24:12.072+03:00","@version":"1","message":"Initializing Spring embedded WebApplicationContext","logger_name":"org.apache.catalina.core.ContainerBase.[Tomcat].[localhost].[/]","thread_name":"main","level":"INFO","level_value":20000}
{"@timestamp":"2024-11-23T08:24:12.072+03:00","@version":"1","message":"Root WebApplicationContext: initialization completed in 1804 ms","logger_name":"org.springframework.boot.web.servlet.context.ServletWebServerApplicationContext","thread_name":"main","level":"INFO","level_value":20000}
{"@timestamp":"2024-11-23T08:24:12.285+03:00","@version":"1","message":"HikariPool-1 - Starting...","logger_name":"com.zaxxer.hikari.HikariDataSource","thread_name":"main","level":"INFO","level_value":20000}
{"@timestamp":"2024-11-23T08:24:12.405+03:00","@version":"1","message":"HikariPool-1 - Added connection org.postgresql.jdbc.PgConnection@74231642","logger_name":"com.zaxxer.hikari.pool.HikariPool","thread_name":"main","level":"INFO","level_value":20000}
{"@timestamp":"2024-11-23T08:24:12.406+03:00","@version":"1","message":"HikariPool-1 - Start completed.","logger_name":"com.zaxxer.hikari.HikariDataSource","thread_name":"main","level":"INFO","level_value":20000}
{"@timestamp":"2024-11-23T08:24:12.514+03:00","@version":"1","message":"Set default schema name to public","logger_name":"liquibase.database","thread_name":"main","level":"INFO","level_value":20000}
{"@timestamp":"2024-11-23T08:24:12.769+03:00","@version":"1","message":"Reading from public.databasechangelog","logger_name":"liquibase.changelog","thread_name":"main","level":"INFO","level_value":20000}
{"@timestamp":"2024-11-23T08:24:12.791+03:00","@version":"1","message":"Database is up to date, no changesets to execute","logger_name":"liquibase.ui","thread_name":"main","level":"INFO","level_value":20000}
{"@timestamp":"2024-11-23T08:24:12.793+03:00","@version":"1","message":"Reading from public.databasechangelog","logger_name":"liquibase.changelog","thread_name":"main","level":"INFO","level_value":20000}
{"@timestamp":"2024-11-23T08:24:12.798+03:00","@version":"1","message":"UPDATE SUMMARY","logger_name":"liquibase.util","thread_name":"main","level":"INFO","level_value":20000}
{"@timestamp":"2024-11-23T08:24:12.798+03:00","@version":"1","message":"Run:                          0","logger_name":"liquibase.util","thread_name":"main","level":"INFO","level_value":20000}
{"@timestamp":"2024-11-23T08:24:12.799+03:00","@version":"1","message":"Previously run:               2","logger_name":"liquibase.util","thread_name":"main","level":"INFO","level_value":20000}
{"@timestamp":"2024-11-23T08:24:12.799+03:00","@version":"1","message":"Filtered out:                 0","logger_name":"liquibase.util","thread_name":"main","level":"INFO","level_value":20000}
{"@timestamp":"2024-11-23T08:24:12.799+03:00","@version":"1","message":"-------------------------------","logger_name":"liquibase.util","thread_name":"main","level":"INFO","level_value":20000}
{"@timestamp":"2024-11-23T08:24:12.799+03:00","@version":"1","message":"Total change sets:            2","logger_name":"liquibase.util","thread_name":"main","level":"INFO","level_value":20000}
{"@timestamp":"2024-11-23T08:24:12.799+03:00","@version":"1","message":"Update summary generated","logger_name":"liquibase.util","thread_name":"main","level":"INFO","level_value":20000}
{"@timestamp":"2024-11-23T08:24:12.814+03:00","@version":"1","message":"Successfully released change log lock","logger_name":"liquibase.lockservice","thread_name":"main","level":"INFO","level_value":20000}
{"@timestamp":"2024-11-23T08:24:12.816+03:00","@version":"1","message":"Command execution complete","logger_name":"liquibase.command","thread_name":"main","level":"INFO","level_value":20000}
{"@timestamp":"2024-11-23T08:24:12.902+03:00","@version":"1","message":"HHH000204: Processing PersistenceUnitInfo [name: default]","logger_name":"org.hibernate.jpa.internal.util.LogHelper","thread_name":"main","level":"INFO","level_value":20000}
{"@timestamp":"2024-11-23T08:24:12.968+03:00","@version":"1","message":"HHH000412: Hibernate ORM core version 6.5.3.Final","logger_name":"org.hibernate.Version","thread_name":"main","level":"INFO","level_value":20000}
{"@timestamp":"2024-11-23T08:24:13.002+03:00","@version":"1","message":"HHH000026: Second-level cache disabled","logger_name":"org.hibernate.cache.internal.RegionFactoryInitiator","thread_name":"main","level":"INFO","level_value":20000}
{"@timestamp":"2024-11-23T08:24:13.273+03:00","@version":"1","message":"No LoadTimeWeaver setup: ignoring JPA class transformer","logger_name":"org.springframework.orm.jpa.persistenceunit.SpringPersistenceUnitInfo","thread_name":"main","level":"INFO","level_value":20000}
{"@timestamp":"2024-11-23T08:24:14.155+03:00","@version":"1","message":"HHH000489: No JTA platform available (set 'hibernate.transaction.jta.platform' to enable JTA platform integration)","logger_name":"org.hibernate.engine.transaction.jta.platform.internal.JtaPlatformInitiator","thread_name":"main","level":"INFO","level_value":20000}
{"@timestamp":"2024-11-23T08:24:14.158+03:00","@version":"1","message":"Initialized JPA EntityManagerFactory for persistence unit 'default'","logger_name":"org.springframework.orm.jpa.LocalContainerEntityManagerFactoryBean","thread_name":"main","level":"INFO","level_value":20000}
{"@timestamp":"2024-11-23T08:24:14.430+03:00","@version":"1","message":"Hibernate is in classpath; If applicable, HQL parser will be used.","logger_name":"org.springframework.data.jpa.repository.query.QueryEnhancerFactory","thread_name":"main","level":"INFO","level_value":20000}
{"@timestamp":"2024-11-23T08:24:14.830+03:00","@version":"1","message":"Filter 'webMvcObservationFilter' configured for use","logger_name":"org.springframework.web.filter.ServerHttpObservationFilter","thread_name":"main","level":"DEBUG","level_value":10000}
{"@timestamp":"2024-11-23T08:24:14.878+03:00","@version":"1","message":"Global AuthenticationManager configured with UserDetailsService bean with name userServiceImpl","logger_name":"org.springframework.security.config.annotation.authentication.configuration.InitializeUserDetailsBeanManagerConfigurer$InitializeUserDetailsManagerConfigurer","thread_name":"main","level":"INFO","level_value":20000}
{"@timestamp":"2024-11-23T08:24:15.245+03:00","@version":"1","message":"spring.jpa.open-in-view is enabled by default. Therefore, database queries may be performed during view rendering. Explicitly configure spring.jpa.open-in-view to disable this warning","logger_name":"org.springframework.boot.autoconfigure.orm.jpa.JpaBaseConfiguration$JpaWebConfiguration","thread_name":"main","level":"WARN","level_value":30000}
{"@timestamp":"2024-11-23T08:24:15.406+03:00","@version":"1","message":"14 mappings in 'requestMappingHandlerMapping'","logger_name":"org.springframework.web.servlet.mvc.method.annotation.RequestMappingHandlerMapping","thread_name":"main","level":"DEBUG","level_value":10000}
{"@timestamp":"2024-11-23T08:24:15.503+03:00","@version":"1","message":"Patterns [/webjars/**, /**, /swagger-ui*/*swagger-initializer.js, /swagger-ui*/**] in 'resourceHandlerMapping'","logger_name":"org.springframework.web.servlet.handler.SimpleUrlHandlerMapping","thread_name":"main","level":"DEBUG","level_value":10000}
{"@timestamp":"2024-11-23T08:24:15.633+03:00","@version":"1","message":"Exposing 1 endpoint beneath base path '/actuator'","logger_name":"org.springframework.boot.actuate.endpoint.web.EndpointLinksResolver","thread_name":"main","level":"INFO","level_value":20000}
{"@timestamp":"2024-11-23T08:24:15.786+03:00","@version":"1","message":"ControllerAdvice beans: 0 @ModelAttribute, 0 @InitBinder, 1 RequestBodyAdvice, 1 ResponseBodyAdvice","logger_name":"org.springframework.web.servlet.mvc.method.annotation.RequestMappingHandlerAdapter","thread_name":"main","level":"DEBUG","level_value":10000}
{"@timestamp":"2024-11-23T08:24:15.825+03:00","@version":"1","message":"ControllerAdvice beans: 2 @ExceptionHandler, 1 ResponseBodyAdvice","logger_name":"org.springframework.web.servlet.mvc.method.annotation.ExceptionHandlerExceptionResolver","thread_name":"main","level":"DEBUG","level_value":10000}
{"@timestamp":"2024-11-23T08:24:16.142+03:00","@version":"1","message":"Starting ProtocolHandler [\"http-nio-8082\"]","logger_name":"org.apache.coyote.http11.Http11NioProtocol","thread_name":"main","level":"INFO","level_value":20000}
{"@timestamp":"2024-11-23T08:24:16.158+03:00","@version":"1","message":"Tomcat started on port 8082 (http) with context path '/'","logger_name":"org.springframework.boot.web.embedded.tomcat.TomcatWebServer","thread_name":"main","level":"INFO","level_value":20000}
{"@timestamp":"2024-11-23T08:24:16.171+03:00","@version":"1","message":"Started CloudFileStorageApplication in 6.58 seconds (process running for 7.251)","logger_name":"ru.cloudfilestorage.cloudfilestorage.CloudFileStorageApplication","thread_name":"main","level":"INFO","level_value":20000}
{"@timestamp":"2024-11-23T08:24:16.370+03:00","@version":"1","message":"Initializing Spring DispatcherServlet 'dispatcherServlet'","logger_name":"org.apache.catalina.core.ContainerBase.[Tomcat].[localhost].[/]","thread_name":"RMI TCP Connection(2)-127.0.0.1","level":"INFO","level_value":20000}
{"@timestamp":"2024-11-23T08:24:16.370+03:00","@version":"1","message":"Initializing Servlet 'dispatcherServlet'","logger_name":"org.springframework.web.servlet.DispatcherServlet","thread_name":"RMI TCP Connection(2)-127.0.0.1","level":"INFO","level_value":20000}
{"@timestamp":"2024-11-23T08:24:16.370+03:00","@version":"1","message":"Detected StandardServletMultipartResolver","logger_name":"org.springframework.web.servlet.DispatcherServlet","thread_name":"RMI TCP Connection(2)-127.0.0.1","level":"DEBUG","level_value":10000}
{"@timestamp":"2024-11-23T08:24:16.370+03:00","@version":"1","message":"Detected AcceptHeaderLocaleResolver","logger_name":"org.springframework.web.servlet.DispatcherServlet","thread_name":"RMI TCP Connection(2)-127.0.0.1","level":"DEBUG","level_value":10000}
{"@timestamp":"2024-11-23T08:24:16.371+03:00","@version":"1","message":"Detected FixedThemeResolver","logger_name":"org.springframework.web.servlet.DispatcherServlet","thread_name":"RMI TCP Connection(2)-127.0.0.1","level":"DEBUG","level_value":10000}
{"@timestamp":"2024-11-23T08:24:16.372+03:00","@version":"1","message":"Detected org.springframework.web.servlet.view.DefaultRequestToViewNameTranslator@7116f350","logger_name":"org.springframework.web.servlet.DispatcherServlet","thread_name":"RMI TCP Connection(2)-127.0.0.1","level":"DEBUG","level_value":10000}
{"@timestamp":"2024-11-23T08:24:16.372+03:00","@version":"1","message":"Detected org.springframework.web.servlet.support.SessionFlashMapManager@77b3c429","logger_name":"org.springframework.web.servlet.DispatcherServlet","thread_name":"RMI TCP Connection(2)-127.0.0.1","level":"DEBUG","level_value":10000}
{"@timestamp":"2024-11-23T08:24:16.372+03:00","@version":"1","message":"enableLoggingRequestDetails='false': request parameters and headers will be masked to prevent unsafe logging of potentially sensitive data","logger_name":"org.springframework.web.servlet.DispatcherServlet","thread_name":"RMI TCP Connection(2)-127.0.0.1","level":"DEBUG","level_value":10000}
{"@timestamp":"2024-11-23T08:24:16.372+03:00","@version":"1","message":"Completed initialization in 2 ms","logger_name":"org.springframework.web.servlet.DispatcherServlet","thread_name":"RMI TCP Connection(2)-127.0.0.1","level":"INFO","level_value":20000}
{"@timestamp":"2024-11-23T08:29:38.351+03:00","@version":"1","message":"Closing JPA EntityManagerFactory for persistence unit 'default'","logger_name":"org.springframework.orm.jpa.LocalContainerEntityManagerFactoryBean","thread_name":"SpringApplicationShutdownHook","level":"INFO","level_value":20000}
{"@timestamp":"2024-11-23T08:29:38.362+03:00","@version":"1","message":"HikariPool-1 - Shutdown initiated...","logger_name":"com.zaxxer.hikari.HikariDataSource","thread_name":"SpringApplicationShutdownHook","level":"INFO","level_value":20000}
{"@timestamp":"2024-11-23T08:29:38.368+03:00","@version":"1","message":"HikariPool-1 - Shutdown completed.","logger_name":"com.zaxxer.hikari.HikariDataSource","thread_name":"SpringApplicationShutdownHook","level":"INFO","level_value":20000}
{"@timestamp":"2024-11-23T08:32:07.907+03:00","@version":"1","message":"HV000001: Hibernate Validator 8.0.1.Final","logger_name":"org.hibernate.validator.internal.util.Version","thread_name":"background-preinit","level":"INFO","level_value":20000}
{"@timestamp":"2024-11-23T08:32:07.940+03:00","@version":"1","message":"Starting CloudFileStorageApplication using Java 21.0.2 with PID 2317 (/Users/yana/IdeaProjects/cloudFileStorage/target/classes started by yana in /Users/yana/IdeaProjects/cloudFileStorage)","logger_name":"ru.cloudfilestorage.cloudfilestorage.CloudFileStorageApplication","thread_name":"main","level":"INFO","level_value":20000}
{"@timestamp":"2024-11-23T08:32:07.941+03:00","@version":"1","message":"The following 1 profile is active: \"local\"","logger_name":"ru.cloudfilestorage.cloudfilestorage.CloudFileStorageApplication","thread_name":"main","level":"INFO","level_value":20000}
{"@timestamp":"2024-11-23T08:32:08.873+03:00","@version":"1","message":"Bootstrapping Spring Data JPA repositories in DEFAULT mode.","logger_name":"org.springframework.data.repository.config.RepositoryConfigurationDelegate","thread_name":"main","level":"INFO","level_value":20000}
{"@timestamp":"2024-11-23T08:32:08.927+03:00","@version":"1","message":"Finished Spring Data repository scanning in 44 ms. Found 3 JPA repository interfaces.","logger_name":"org.springframework.data.repository.config.RepositoryConfigurationDelegate","thread_name":"main","level":"INFO","level_value":20000}
{"@timestamp":"2024-11-23T08:32:09.585+03:00","@version":"1","message":"Tomcat initialized with port 8082 (http)","logger_name":"org.springframework.boot.web.embedded.tomcat.TomcatWebServer","thread_name":"main","level":"INFO","level_value":20000}
{"@timestamp":"2024-11-23T08:32:09.596+03:00","@version":"1","message":"Initializing ProtocolHandler [\"http-nio-8082\"]","logger_name":"org.apache.coyote.http11.Http11NioProtocol","thread_name":"main","level":"INFO","level_value":20000}
{"@timestamp":"2024-11-23T08:32:09.599+03:00","@version":"1","message":"Starting service [Tomcat]","logger_name":"org.apache.catalina.core.StandardService","thread_name":"main","level":"INFO","level_value":20000}
{"@timestamp":"2024-11-23T08:32:09.599+03:00","@version":"1","message":"Starting Servlet engine: [Apache Tomcat/10.1.30]","logger_name":"org.apache.catalina.core.StandardEngine","thread_name":"main","level":"INFO","level_value":20000}
{"@timestamp":"2024-11-23T08:32:09.644+03:00","@version":"1","message":"Initializing Spring embedded WebApplicationContext","logger_name":"org.apache.catalina.core.ContainerBase.[Tomcat].[localhost].[/]","thread_name":"main","level":"INFO","level_value":20000}
{"@timestamp":"2024-11-23T08:32:09.644+03:00","@version":"1","message":"Root WebApplicationContext: initialization completed in 1663 ms","logger_name":"org.springframework.boot.web.servlet.context.ServletWebServerApplicationContext","thread_name":"main","level":"INFO","level_value":20000}
{"@timestamp":"2024-11-23T08:32:09.857+03:00","@version":"1","message":"HikariPool-1 - Starting...","logger_name":"com.zaxxer.hikari.HikariDataSource","thread_name":"main","level":"INFO","level_value":20000}
{"@timestamp":"2024-11-23T08:32:09.981+03:00","@version":"1","message":"HikariPool-1 - Added connection org.postgresql.jdbc.PgConnection@1b36d248","logger_name":"com.zaxxer.hikari.pool.HikariPool","thread_name":"main","level":"INFO","level_value":20000}
{"@timestamp":"2024-11-23T08:32:09.983+03:00","@version":"1","message":"HikariPool-1 - Start completed.","logger_name":"com.zaxxer.hikari.HikariDataSource","thread_name":"main","level":"INFO","level_value":20000}
{"@timestamp":"2024-11-23T08:32:10.089+03:00","@version":"1","message":"Set default schema name to public","logger_name":"liquibase.database","thread_name":"main","level":"INFO","level_value":20000}
{"@timestamp":"2024-11-23T08:32:10.343+03:00","@version":"1","message":"Reading from public.databasechangelog","logger_name":"liquibase.changelog","thread_name":"main","level":"INFO","level_value":20000}
{"@timestamp":"2024-11-23T08:32:10.366+03:00","@version":"1","message":"Database is up to date, no changesets to execute","logger_name":"liquibase.ui","thread_name":"main","level":"INFO","level_value":20000}
{"@timestamp":"2024-11-23T08:32:10.367+03:00","@version":"1","message":"Reading from public.databasechangelog","logger_name":"liquibase.changelog","thread_name":"main","level":"INFO","level_value":20000}
{"@timestamp":"2024-11-23T08:32:10.372+03:00","@version":"1","message":"UPDATE SUMMARY","logger_name":"liquibase.util","thread_name":"main","level":"INFO","level_value":20000}
{"@timestamp":"2024-11-23T08:32:10.373+03:00","@version":"1","message":"Run:                          0","logger_name":"liquibase.util","thread_name":"main","level":"INFO","level_value":20000}
{"@timestamp":"2024-11-23T08:32:10.373+03:00","@version":"1","message":"Previously run:               2","logger_name":"liquibase.util","thread_name":"main","level":"INFO","level_value":20000}
{"@timestamp":"2024-11-23T08:32:10.373+03:00","@version":"1","message":"Filtered out:                 0","logger_name":"liquibase.util","thread_name":"main","level":"INFO","level_value":20000}
{"@timestamp":"2024-11-23T08:32:10.373+03:00","@version":"1","message":"-------------------------------","logger_name":"liquibase.util","thread_name":"main","level":"INFO","level_value":20000}
{"@timestamp":"2024-11-23T08:32:10.373+03:00","@version":"1","message":"Total change sets:            2","logger_name":"liquibase.util","thread_name":"main","level":"INFO","level_value":20000}
{"@timestamp":"2024-11-23T08:32:10.374+03:00","@version":"1","message":"Update summary generated","logger_name":"liquibase.util","thread_name":"main","level":"INFO","level_value":20000}
{"@timestamp":"2024-11-23T08:32:10.389+03:00","@version":"1","message":"Successfully released change log lock","logger_name":"liquibase.lockservice","thread_name":"main","level":"INFO","level_value":20000}
{"@timestamp":"2024-11-23T08:32:10.391+03:00","@version":"1","message":"Command execution complete","logger_name":"liquibase.command","thread_name":"main","level":"INFO","level_value":20000}
{"@timestamp":"2024-11-23T08:32:10.476+03:00","@version":"1","message":"HHH000204: Processing PersistenceUnitInfo [name: default]","logger_name":"org.hibernate.jpa.internal.util.LogHelper","thread_name":"main","level":"INFO","level_value":20000}
{"@timestamp":"2024-11-23T08:32:10.544+03:00","@version":"1","message":"HHH000412: Hibernate ORM core version 6.5.3.Final","logger_name":"org.hibernate.Version","thread_name":"main","level":"INFO","level_value":20000}
{"@timestamp":"2024-11-23T08:32:10.583+03:00","@version":"1","message":"HHH000026: Second-level cache disabled","logger_name":"org.hibernate.cache.internal.RegionFactoryInitiator","thread_name":"main","level":"INFO","level_value":20000}
{"@timestamp":"2024-11-23T08:32:10.870+03:00","@version":"1","message":"No LoadTimeWeaver setup: ignoring JPA class transformer","logger_name":"org.springframework.orm.jpa.persistenceunit.SpringPersistenceUnitInfo","thread_name":"main","level":"INFO","level_value":20000}
{"@timestamp":"2024-11-23T08:32:11.749+03:00","@version":"1","message":"HHH000489: No JTA platform available (set 'hibernate.transaction.jta.platform' to enable JTA platform integration)","logger_name":"org.hibernate.engine.transaction.jta.platform.internal.JtaPlatformInitiator","thread_name":"main","level":"INFO","level_value":20000}
{"@timestamp":"2024-11-23T08:32:11.752+03:00","@version":"1","message":"Initialized JPA EntityManagerFactory for persistence unit 'default'","logger_name":"org.springframework.orm.jpa.LocalContainerEntityManagerFactoryBean","thread_name":"main","level":"INFO","level_value":20000}
{"@timestamp":"2024-11-23T08:32:12.019+03:00","@version":"1","message":"Hibernate is in classpath; If applicable, HQL parser will be used.","logger_name":"org.springframework.data.jpa.repository.query.QueryEnhancerFactory","thread_name":"main","level":"INFO","level_value":20000}
{"@timestamp":"2024-11-23T08:32:12.392+03:00","@version":"1","message":"Filter 'webMvcObservationFilter' configured for use","logger_name":"org.springframework.web.filter.ServerHttpObservationFilter","thread_name":"main","level":"DEBUG","level_value":10000}
{"@timestamp":"2024-11-23T08:32:12.439+03:00","@version":"1","message":"Global AuthenticationManager configured with UserDetailsService bean with name userServiceImpl","logger_name":"org.springframework.security.config.annotation.authentication.configuration.InitializeUserDetailsBeanManagerConfigurer$InitializeUserDetailsManagerConfigurer","thread_name":"main","level":"INFO","level_value":20000}
{"@timestamp":"2024-11-23T08:32:12.832+03:00","@version":"1","message":"spring.jpa.open-in-view is enabled by default. Therefore, database queries may be performed during view rendering. Explicitly configure spring.jpa.open-in-view to disable this warning","logger_name":"org.springframework.boot.autoconfigure.orm.jpa.JpaBaseConfiguration$JpaWebConfiguration","thread_name":"main","level":"WARN","level_value":30000}
{"@timestamp":"2024-11-23T08:32:13.003+03:00","@version":"1","message":"14 mappings in 'requestMappingHandlerMapping'","logger_name":"org.springframework.web.servlet.mvc.method.annotation.RequestMappingHandlerMapping","thread_name":"main","level":"DEBUG","level_value":10000}
{"@timestamp":"2024-11-23T08:32:13.112+03:00","@version":"1","message":"Patterns [/webjars/**, /**, /swagger-ui*/*swagger-initializer.js, /swagger-ui*/**] in 'resourceHandlerMapping'","logger_name":"org.springframework.web.servlet.handler.SimpleUrlHandlerMapping","thread_name":"main","level":"DEBUG","level_value":10000}
{"@timestamp":"2024-11-23T08:32:13.249+03:00","@version":"1","message":"Exposing 1 endpoint beneath base path '/actuator'","logger_name":"org.springframework.boot.actuate.endpoint.web.EndpointLinksResolver","thread_name":"main","level":"INFO","level_value":20000}
{"@timestamp":"2024-11-23T08:32:13.405+03:00","@version":"1","message":"ControllerAdvice beans: 0 @ModelAttribute, 0 @InitBinder, 1 RequestBodyAdvice, 1 ResponseBodyAdvice","logger_name":"org.springframework.web.servlet.mvc.method.annotation.RequestMappingHandlerAdapter","thread_name":"main","level":"DEBUG","level_value":10000}
{"@timestamp":"2024-11-23T08:32:13.444+03:00","@version":"1","message":"ControllerAdvice beans: 2 @ExceptionHandler, 1 ResponseBodyAdvice","logger_name":"org.springframework.web.servlet.mvc.method.annotation.ExceptionHandlerExceptionResolver","thread_name":"main","level":"DEBUG","level_value":10000}
{"@timestamp":"2024-11-23T08:32:13.815+03:00","@version":"1","message":"Starting ProtocolHandler [\"http-nio-8082\"]","logger_name":"org.apache.coyote.http11.Http11NioProtocol","thread_name":"main","level":"INFO","level_value":20000}
{"@timestamp":"2024-11-23T08:32:13.835+03:00","@version":"1","message":"Tomcat started on port 8082 (http) with context path '/'","logger_name":"org.springframework.boot.web.embedded.tomcat.TomcatWebServer","thread_name":"main","level":"INFO","level_value":20000}
{"@timestamp":"2024-11-23T08:32:13.849+03:00","@version":"1","message":"Started CloudFileStorageApplication in 6.534 seconds (process running for 7.184)","logger_name":"ru.cloudfilestorage.cloudfilestorage.CloudFileStorageApplication","thread_name":"main","level":"INFO","level_value":20000}
{"@timestamp":"2024-11-23T08:32:14.066+03:00","@version":"1","message":"Initializing Spring DispatcherServlet 'dispatcherServlet'","logger_name":"org.apache.catalina.core.ContainerBase.[Tomcat].[localhost].[/]","thread_name":"RMI TCP Connection(2)-127.0.0.1","level":"INFO","level_value":20000}
{"@timestamp":"2024-11-23T08:32:14.066+03:00","@version":"1","message":"Initializing Servlet 'dispatcherServlet'","logger_name":"org.springframework.web.servlet.DispatcherServlet","thread_name":"RMI TCP Connection(2)-127.0.0.1","level":"INFO","level_value":20000}
{"@timestamp":"2024-11-23T08:32:14.066+03:00","@version":"1","message":"Detected StandardServletMultipartResolver","logger_name":"org.springframework.web.servlet.DispatcherServlet","thread_name":"RMI TCP Connection(2)-127.0.0.1","level":"DEBUG","level_value":10000}
{"@timestamp":"2024-11-23T08:32:14.066+03:00","@version":"1","message":"Detected AcceptHeaderLocaleResolver","logger_name":"org.springframework.web.servlet.DispatcherServlet","thread_name":"RMI TCP Connection(2)-127.0.0.1","level":"DEBUG","level_value":10000}
{"@timestamp":"2024-11-23T08:32:14.066+03:00","@version":"1","message":"Detected FixedThemeResolver","logger_name":"org.springframework.web.servlet.DispatcherServlet","thread_name":"RMI TCP Connection(2)-127.0.0.1","level":"DEBUG","level_value":10000}
{"@timestamp":"2024-11-23T08:32:14.067+03:00","@version":"1","message":"Detected org.springframework.web.servlet.view.DefaultRequestToViewNameTranslator@5547476c","logger_name":"org.springframework.web.servlet.DispatcherServlet","thread_name":"RMI TCP Connection(2)-127.0.0.1","level":"DEBUG","level_value":10000}
{"@timestamp":"2024-11-23T08:32:14.068+03:00","@version":"1","message":"Detected org.springframework.web.servlet.support.SessionFlashMapManager@6e9698cf","logger_name":"org.springframework.web.servlet.DispatcherServlet","thread_name":"RMI TCP Connection(2)-127.0.0.1","level":"DEBUG","level_value":10000}
{"@timestamp":"2024-11-23T08:32:14.068+03:00","@version":"1","message":"enableLoggingRequestDetails='false': request parameters and headers will be masked to prevent unsafe logging of potentially sensitive data","logger_name":"org.springframework.web.servlet.DispatcherServlet","thread_name":"RMI TCP Connection(2)-127.0.0.1","level":"DEBUG","level_value":10000}
{"@timestamp":"2024-11-23T08:32:14.068+03:00","@version":"1","message":"Completed initialization in 2 ms","logger_name":"org.springframework.web.servlet.DispatcherServlet","thread_name":"RMI TCP Connection(2)-127.0.0.1","level":"INFO","level_value":20000}
{"@timestamp":"2024-11-23T08:41:31.543+03:00","@version":"1","message":"Closing JPA EntityManagerFactory for persistence unit 'default'","logger_name":"org.springframework.orm.jpa.LocalContainerEntityManagerFactoryBean","thread_name":"SpringApplicationShutdownHook","level":"INFO","level_value":20000}
{"@timestamp":"2024-11-23T08:41:31.570+03:00","@version":"1","message":"HikariPool-1 - Shutdown initiated...","logger_name":"com.zaxxer.hikari.HikariDataSource","thread_name":"SpringApplicationShutdownHook","level":"INFO","level_value":20000}
{"@timestamp":"2024-11-23T08:41:31.595+03:00","@version":"1","message":"HikariPool-1 - Shutdown completed.","logger_name":"com.zaxxer.hikari.HikariDataSource","thread_name":"SpringApplicationShutdownHook","level":"INFO","level_value":20000}
